<?xml version="1.0" encoding="UTF-8"?>
<!-- Generated by org.testng.reporters.JUnitReportReporter -->
<testsuite hostname="LAPTOP-BA6DRO61" failures="0" tests="3" name="carb.calc.tests.CarbCalcTest" time="31.805" errors="0" timestamp="2025-05-27T23:02:00 EDT" skipped="0">
  <testcase classname="carb.calc.tests.CarbCalcTest" name="carbCalcWithMetrics_TC_CC_002" time="9.423"/>
  <testcase classname="carb.calc.tests.CarbCalcTest" name="carbCalcDisplay_TC_CC_001" time="11.595"/>
  <testcase classname="carb.calc.tests.CarbCalcTest" name="carbCalcWithUsUnits_TC_CC_003" time="10.787"/>
</testsuite> <!-- carb.calc.tests.CarbCalcTest -->
