<?xml version="1.0" encoding="UTF-8"?>
<!-- Generated by org.testng.reporters.JUnitReportReporter -->
<testsuite hostname="LAPTOP-BA6DRO61" failures="0" tests="3" name="carb.calc.tests.CarbCalcTest" time="15.475" errors="0" timestamp="2025-05-27T17:15:33 EDT" skipped="0">
  <testcase classname="carb.calc.tests.CarbCalcTest" name="carbCalcWithMetrics_TC_CC_003" time="6.515"/>
  <testcase classname="carb.calc.tests.CarbCalcTest" name="carbCalcDisplay_TC_CC_001" time="3.349"/>
  <testcase classname="carb.calc.tests.CarbCalcTest" name="carbCalcWithUsUnits_TC_CC_004" time="5.611"/>
</testsuite> <!-- carb.calc.tests.CarbCalcTest -->
